<?xml version="1.0" encoding="UTF-8"?>
<!-- Generated by org.testng.reporters.JUnitXMLReporter -->
<testsuite ignored="0" hostname="LAPTOP-J2EHUA6C" failures="0" tests="6" name="Default test" time="92.37" errors="0" timestamp="2024-03-05T23:40:05 EST">
  <testcase classname="com.Testng.day4.PracticeProject.RegistrationTN" name="TNRegistration" time="11.256"/>
  <testcase classname="com.Testng.day4.PracticeProject.RegistrationTN" name="TNRegistration" time="11.422"/>
  <testcase classname="com.Testng.day4.PracticeProject.RegistrationTN" name="TNRegistration" time="11.196"/>
  <testcase classname="com.Testng.day4.PracticeProject.RegistrationTN" name="TNRegistration" time="11.153"/>
  <testcase classname="com.Testng.day4.PracticeProject.RegistrationTN" name="TNRegistration" time="11.144"/>
  <testcase classname="com.Testng.day4.PracticeProject.RegistrationTN" name="TNRegnWithNoField" time="6.571"/>
</testsuite> <!-- Default test -->
