<?xml version="1.0" encoding="UTF-8"?>
<!-- Generated by org.testng.reporters.JUnitXMLReporter -->
<testsuite ignored="0" hostname="LAPTOP-J2EHUA6C" failures="0" tests="3" name="Default test" time="7.383" errors="0" timestamp="2024-03-04T18:38:17 EST">
  <testcase classname="com.Testng.day2.Validation.ValidatingTNregistration" name="VaidationTN" time="0.027"/>
  <testcase classname="com.Testng.day2.Validation.ValidatingTNregistration" name="regnPageValidation" time="0.849"/>
  <testcase classname="com.Testng.day2.Validation.ValidatingTNregistration" name="validatingWarningMessage" time="0.942"/>
</testsuite> <!-- Default test -->
