<?xml version="1.0" encoding="UTF-8"?>
<testng-results ignored="0" total="1" passed="1" failed="0" skipped="0">
  <reporter-output>
  </reporter-output>
  <suite started-at="2024-03-07T16:47:44 EST" name="Default suite" finished-at="2024-03-07T16:47:53 EST" duration-ms="8819">
    <groups>
    </groups>
    <test started-at="2024-03-07T16:47:44 EST" name="Default test" finished-at="2024-03-07T16:47:53 EST" duration-ms="8819">
      <class name="com.Testng.day3.Alerts.Assertions">
        <test-method signature="loginTest()[pri:0, instance:com.Testng.day3.Alerts.Assertions@21282ed8]" started-at="2024-03-07T16:47:44 EST" name="loginTest" finished-at="2024-03-07T16:47:53 EST" duration-ms="8757" status="PASS">
          <reporter-output>
          </reporter-output>
        </test-method> <!-- loginTest -->
      </class> <!-- com.Testng.day3.Alerts.Assertions -->
    </test> <!-- Default test -->
  </suite> <!-- Default suite -->
</testng-results>
